[debug] [2023-04-06T18:52:16.619Z] ----------------------------------------------------------------------
[debug] [2023-04-06T18:52:16.619Z] Command:       /opt/homebrew/Cellar/node/18.11.0/bin/node /opt/homebrew/bin/firebase init
[debug] [2023-04-06T18:52:16.620Z] CLI Version:   11.25.3
[debug] [2023-04-06T18:52:16.620Z] Platform:      darwin
[debug] [2023-04-06T18:52:16.620Z] Node Version:  v18.11.0
[debug] [2023-04-06T18:52:16.621Z] Time:          Thu Apr 06 2023 14:52:16 GMT-0400 (Eastern Daylight Time)
[debug] [2023-04-06T18:52:16.621Z] ----------------------------------------------------------------------
[debug] 
[debug] [2023-04-06T18:52:16.623Z] > command requires scopes: ["email","openid","https://www.googleapis.com/auth/cloudplatformprojects.readonly","https://www.googleapis.com/auth/firebase","https://www.googleapis.com/auth/cloud-platform"]
[debug] [2023-04-06T18:52:16.624Z] > authorizing via signed-in user (lukecutting123@gmail.com)
[info] 
     ######## #### ########  ######## ########     ###     ######  ########
     ##        ##  ##     ## ##       ##     ##  ##   ##  ##       ##
     ######    ##  ########  ######   ########  #########  ######  ######
     ##        ##  ##    ##  ##       ##     ## ##     ##       ## ##
     ##       #### ##     ## ######## ########  ##     ##  ######  ########

You're about to initialize a Firebase project in this directory:

  /Users/lukecutting/Desktop/Gym-APP/src

[info] 
=== Project Setup
[info] 
[info] First, let's associate this project directory with a Firebase project.
[info] You can create multiple project aliases by running firebase use --add, 
[info] but for now we'll just set up a default project.
[info] 
[info] i  If you want to create a project in a Google Cloud organization or folder, please use "firebase projects:create" instead, and return to this command when you've created the project. 
[debug] [2023-04-06T18:52:56.487Z] >>> [apiv2][query] POST https://cloudresourcemanager.googleapis.com/v1/projects [none]
[debug] [2023-04-06T18:52:56.487Z] >>> [apiv2][body] POST https://cloudresourcemanager.googleapis.com/v1/projects {"projectId":"Gym-Buddy-APP","name":"Gym-Buddy-APP"}
[debug] [2023-04-06T18:52:56.816Z] <<< [apiv2][status] POST https://cloudresourcemanager.googleapis.com/v1/projects 400
[debug] [2023-04-06T18:52:56.816Z] <<< [apiv2][body] POST https://cloudresourcemanager.googleapis.com/v1/projects {"error":{"code":400,"message":"field [project_id] has issue [project_id contains invalid characters]","status":"INVALID_ARGUMENT","details":[{"@type":"type.googleapis.com/google.rpc.BadRequest","fieldViolations":[{"field":"project_id","description":"project_id contains invalid characters"}]},{"@type":"type.googleapis.com/google.rpc.Help","links":[{"url":"https://cloud.google.com/resource-manager/reference/rest/v1/projects"}]}]}}
[debug] [2023-04-06T18:52:56.906Z] FirebaseError: HTTP Error: 400, field [project_id] has issue [project_id contains invalid characters]
    at responseToError (/opt/homebrew/lib/node_modules/firebase-tools/lib/responseToError.js:49:12)
    at RetryOperation._fn (/opt/homebrew/lib/node_modules/firebase-tools/lib/apiv2.js:288:77)
    at process.processTicksAndRejections (node:internal/process/task_queues:95:5)
[error] 
[error] Error: Failed to create project. See firebase-debug.log for more info.
